{"D:\\TDD\\Library-Management-System\\Library.js": {"path":"D:\\TDD\\Library-Management-System\\Library.js","statementMap":{"0":{"start":{"line":3,"column":8},"end":{"line":3,"column":25}},"1":{"start":{"line":4,"column":8},"end":{"line":4,"column":27}},"2":{"start":{"line":5,"column":8},"end":{"line":5,"column":29}},"3":{"start":{"line":6,"column":8},"end":{"line":6,"column":25}},"4":{"start":{"line":7,"column":8},"end":{"line":7,"column":32}},"5":{"start":{"line":13,"column":8},"end":{"line":13,"column":24}},"6":{"start":{"line":17,"column":8},"end":{"line":26,"column":9}},"7":{"start":{"line":18,"column":12},"end":{"line":20,"column":13}},"8":{"start":{"line":18,"column":40},"end":{"line":18,"column":58}},"9":{"start":{"line":19,"column":16},"end":{"line":19,"column":71}},"10":{"start":{"line":22,"column":25},"end":{"line":22,"column":60}},"11":{"start":{"line":23,"column":12},"end":{"line":23,"column":34}},"12":{"start":{"line":25,"column":12},"end":{"line":25,"column":65}},"13":{"start":{"line":30,"column":8},"end":{"line":30,"column":59}},"14":{"start":{"line":30,"column":41},"end":{"line":30,"column":57}},"15":{"start":{"line":34,"column":8},"end":{"line":34,"column":26}},"16":{"start":{"line":38,"column":8},"end":{"line":50,"column":9}},"17":{"start":{"line":39,"column":25},"end":{"line":39,"column":68}},"18":{"start":{"line":39,"column":49},"end":{"line":39,"column":67}},"19":{"start":{"line":40,"column":12},"end":{"line":42,"column":13}},"20":{"start":{"line":41,"column":16},"end":{"line":41,"column":51}},"21":{"start":{"line":43,"column":12},"end":{"line":45,"column":13}},"22":{"start":{"line":44,"column":16},"end":{"line":44,"column":72}},"23":{"start":{"line":46,"column":12},"end":{"line":46,"column":37}},"24":{"start":{"line":47,"column":12},"end":{"line":47,"column":51}},"25":{"start":{"line":49,"column":12},"end":{"line":49,"column":68}},"26":{"start":{"line":54,"column":8},"end":{"line":66,"column":9}},"27":{"start":{"line":55,"column":25},"end":{"line":55,"column":68}},"28":{"start":{"line":55,"column":49},"end":{"line":55,"column":67}},"29":{"start":{"line":56,"column":12},"end":{"line":58,"column":13}},"30":{"start":{"line":57,"column":16},"end":{"line":57,"column":51}},"31":{"start":{"line":59,"column":12},"end":{"line":61,"column":13}},"32":{"start":{"line":60,"column":16},"end":{"line":60,"column":58}},"33":{"start":{"line":62,"column":12},"end":{"line":62,"column":36}},"34":{"start":{"line":63,"column":12},"end":{"line":63,"column":51}},"35":{"start":{"line":65,"column":12},"end":{"line":65,"column":68}},"36":{"start":{"line":71,"column":0},"end":{"line":71,"column":25}}},"fnMap":{"0":{"name":"(anonymous_0)","decl":{"start":{"line":2,"column":4},"end":{"line":2,"column":5}},"loc":{"start":{"line":2,"column":43},"end":{"line":8,"column":5}},"line":2},"1":{"name":"(anonymous_1)","decl":{"start":{"line":12,"column":4},"end":{"line":12,"column":5}},"loc":{"start":{"line":12,"column":18},"end":{"line":14,"column":5}},"line":12},"2":{"name":"(anonymous_2)","decl":{"start":{"line":16,"column":4},"end":{"line":16,"column":5}},"loc":{"start":{"line":16,"column":39},"end":{"line":27,"column":5}},"line":16},"3":{"name":"(anonymous_3)","decl":{"start":{"line":18,"column":32},"end":{"line":18,"column":33}},"loc":{"start":{"line":18,"column":40},"end":{"line":18,"column":58}},"line":18},"4":{"name":"(anonymous_4)","decl":{"start":{"line":29,"column":4},"end":{"line":29,"column":5}},"loc":{"start":{"line":29,"column":25},"end":{"line":31,"column":5}},"line":29},"5":{"name":"(anonymous_5)","decl":{"start":{"line":30,"column":33},"end":{"line":30,"column":34}},"loc":{"start":{"line":30,"column":41},"end":{"line":30,"column":57}},"line":30},"6":{"name":"(anonymous_6)","decl":{"start":{"line":33,"column":4},"end":{"line":33,"column":5}},"loc":{"start":{"line":33,"column":19},"end":{"line":35,"column":5}},"line":33},"7":{"name":"(anonymous_7)","decl":{"start":{"line":37,"column":4},"end":{"line":37,"column":5}},"loc":{"start":{"line":37,"column":21},"end":{"line":51,"column":5}},"line":37},"8":{"name":"(anonymous_8)","decl":{"start":{"line":39,"column":41},"end":{"line":39,"column":42}},"loc":{"start":{"line":39,"column":49},"end":{"line":39,"column":67}},"line":39},"9":{"name":"(anonymous_9)","decl":{"start":{"line":53,"column":4},"end":{"line":53,"column":5}},"loc":{"start":{"line":53,"column":21},"end":{"line":67,"column":5}},"line":53},"10":{"name":"(anonymous_10)","decl":{"start":{"line":55,"column":41},"end":{"line":55,"column":42}},"loc":{"start":{"line":55,"column":49},"end":{"line":55,"column":67}},"line":55}},"branchMap":{"0":{"loc":{"start":{"line":18,"column":12},"end":{"line":20,"column":13}},"type":"if","locations":[{"start":{"line":18,"column":12},"end":{"line":20,"column":13}},{"start":{},"end":{}}],"line":18},"1":{"loc":{"start":{"line":40,"column":12},"end":{"line":42,"column":13}},"type":"if","locations":[{"start":{"line":40,"column":12},"end":{"line":42,"column":13}},{"start":{},"end":{}}],"line":40},"2":{"loc":{"start":{"line":43,"column":12},"end":{"line":45,"column":13}},"type":"if","locations":[{"start":{"line":43,"column":12},"end":{"line":45,"column":13}},{"start":{},"end":{}}],"line":43},"3":{"loc":{"start":{"line":56,"column":12},"end":{"line":58,"column":13}},"type":"if","locations":[{"start":{"line":56,"column":12},"end":{"line":58,"column":13}},{"start":{},"end":{}}],"line":56},"4":{"loc":{"start":{"line":59,"column":12},"end":{"line":61,"column":13}},"type":"if","locations":[{"start":{"line":59,"column":12},"end":{"line":61,"column":13}},{"start":{},"end":{}}],"line":59}},"s":{"0":10,"1":10,"2":10,"3":10,"4":10,"5":10,"6":11,"7":11,"8":3,"9":1,"10":10,"11":10,"12":1,"13":4,"14":5,"15":1,"16":6,"17":6,"18":5,"19":6,"20":1,"21":5,"22":1,"23":4,"24":4,"25":2,"26":3,"27":3,"28":2,"29":3,"30":1,"31":2,"32":1,"33":1,"34":1,"35":2,"36":1},"f":{"0":10,"1":10,"2":11,"3":3,"4":4,"5":5,"6":1,"7":6,"8":5,"9":3,"10":2},"b":{"0":[1,10],"1":[1,5],"2":[1,4],"3":[1,2],"4":[1,1]},"_coverageSchema":"1a1c01bbd47fc00a2c39e90264f33305004495a9","hash":"3b1676f24bd3500f35356a555cba092d345c78cd"}
}
