TN:
SF:Library.js
FN:2,(anonymous_0)
FN:12,(anonymous_1)
FN:16,(anonymous_2)
FN:18,(anonymous_3)
FN:29,(anonymous_4)
FN:30,(anonymous_5)
FN:33,(anonymous_6)
FN:37,(anonymous_7)
FN:39,(anonymous_8)
FN:53,(anonymous_9)
FN:55,(anonymous_10)
FNF:11
FNH:11
FNDA:10,(anonymous_0)
FNDA:10,(anonymous_1)
FNDA:11,(anonymous_2)
FNDA:3,(anonymous_3)
FNDA:4,(anonymous_4)
FNDA:5,(anonymous_5)
FNDA:1,(anonymous_6)
FNDA:6,(anonymous_7)
FNDA:5,(anonymous_8)
FNDA:3,(anonymous_9)
FNDA:2,(anonymous_10)
DA:3,10
DA:4,10
DA:5,10
DA:6,10
DA:7,10
DA:13,10
DA:17,11
DA:18,11
DA:19,1
DA:22,10
DA:23,10
DA:25,1
DA:30,5
DA:34,1
DA:38,6
DA:39,6
DA:40,6
DA:41,1
DA:43,5
DA:44,1
DA:46,4
DA:47,4
DA:49,2
DA:54,3
DA:55,3
DA:56,3
DA:57,1
DA:59,2
DA:60,1
DA:62,1
DA:63,1
DA:65,2
DA:71,1
LF:33
LH:33
BRDA:18,0,0,1
BRDA:18,0,1,10
BRDA:40,1,0,1
BRDA:40,1,1,5
BRDA:43,2,0,1
BRDA:43,2,1,4
BRDA:56,3,0,1
BRDA:56,3,1,2
BRDA:59,4,0,1
BRDA:59,4,1,1
BRF:10
BRH:10
end_of_record
